<?xml version="1.0" encoding="UTF-8"?>
<!-- Generated by org.testng.reporters.JUnitXMLReporter -->
<testsuite ignored="1" hostname="MSI" failures="0" tests="2" name="Test" time="140.97" errors="0" timestamp="2022-11-26T22:08:14 IST">
  <testcase classname="testcases.LoginTest" name="loginTestMethod" time="0.518"/>
  <testcase classname="testcases.LogoutTest" name="logoutTest" time="44.109"/>
  <testcase classname="testcases.BaseTest" name="@AfterSuite tearDown" time="0.0">
    <ignored/>
  </testcase> <!-- @AfterSuite tearDown -->
</testsuite> <!-- Test -->
